<?xml version="1.0" encoding="UTF-8"?>
<!-- Generated by org.testng.reporters.JUnitReportReporter -->
<testsuite hostname="IB-Pune-LAP-175" failures="0" tests="1" name="Testing.TestBrowse" time="4.282" errors="0" timestamp="21 Apr 2022 09:42:32 GMT">
  <testcase classname="Testing.TestBrowse" name="basePageLoad" time="4.282"/>
</testsuite> <!-- Testing.TestBrowse -->
